<?xml version="1.0" encoding="UTF-8"?>
<testng-results ignored="0" total="1" passed="1" failed="0" skipped="0">
  <reporter-output>
  </reporter-output>
  <suite started-at="2020-12-02T00:58:42 IST" name="Suite" finished-at="2020-12-02T00:58:56 IST" duration-ms="14040">
    <groups>
      <group name="cucumber">
        <method signature="AbstractTestNGCucumberTests.feature(cucumber.api.testng.CucumberFeatureWrapper)[pri:0, instance:runner.TestRunner@6ef888f6]" name="feature" class="cucumber.api.testng.AbstractTestNGCucumberTests"/>
      </group> <!-- cucumber -->
    </groups>
    <test started-at="2020-12-02T00:58:42 IST" name="Test" finished-at="2020-12-02T00:58:56 IST" duration-ms="14040">
      <class name="runner.TestRunner">
        <test-method is-config="true" signature="setUpClass()[pri:0, instance:runner.TestRunner@6ef888f6]" started-at="2020-12-02T00:58:42 IST" name="setUpClass" finished-at="2020-12-02T00:58:42 IST" duration-ms="482" status="PASS">
          <reporter-output>
          </reporter-output>
        </test-method> <!-- setUpClass -->
        <test-method signature="feature(cucumber.api.testng.CucumberFeatureWrapper)[pri:0, instance:runner.TestRunner@6ef888f6]" started-at="2020-12-02T00:58:43 IST" name="feature" description="Runs Cucumber Feature" data-provider="features" finished-at="2020-12-02T00:58:56 IST" duration-ms="13274" status="PASS">
          <params>
            <param index="0">
              <value>
                <![CDATA[Buy option in Ebay]]>
              </value>
            </param>
          </params>
          <reporter-output>
          </reporter-output>
        </test-method> <!-- feature -->
        <test-method is-config="true" signature="tearDownClass()[pri:0, instance:runner.TestRunner@6ef888f6]" started-at="2020-12-02T00:58:56 IST" name="tearDownClass" finished-at="2020-12-02T00:58:56 IST" duration-ms="63" status="PASS">
          <reporter-output>
          </reporter-output>
        </test-method> <!-- tearDownClass -->
      </class> <!-- runner.TestRunner -->
    </test> <!-- Test -->
  </suite> <!-- Suite -->
</testng-results>
